The system is: Linux - 3.13.0-32-generic - x86_64
Compiling the C compiler identification source file "CMakeCCompilerId.c" succeeded.
Compiler: /usr/bin/cc 
Build flags: 
Id flags: 

The output was:
0


Compilation of the C compiler identification source "CMakeCCompilerId.c" produced "a.out"

The C compiler identification is GNU, found in "/home/vboxuser/Desktop/workdir2/test01/build-naoqi-sdk/CMakeFiles/3.2.3/CompilerIdC/a.out"

Compiling the CXX compiler identification source file "CMakeCXXCompilerId.cpp" succeeded.
Compiler: /usr/bin/c++ 
Build flags: -std=gnu++11;-D_GLIBCXX_USE_CXX11_ABI=0
Id flags: 

The output was:
0


Compilation of the CXX compiler identification source "CMakeCXXCompilerId.cpp" produced "a.out"

The CXX compiler identification is GNU, found in "/home/vboxuser/Desktop/workdir2/test01/build-naoqi-sdk/CMakeFiles/3.2.3/CompilerIdCXX/a.out"

Determining if the C compiler works passed with the following output:
Change Dir: /home/vboxuser/Desktop/workdir2/test01/build-naoqi-sdk/CMakeFiles/CMakeTmp

Run Build Command:"/usr/bin/make" "cmTryCompileExec2088250007/fast"
/usr/bin/make -f CMakeFiles/cmTryCompileExec2088250007.dir/build.make CMakeFiles/cmTryCompileExec2088250007.dir/build
make[1]: Entering directory `/home/vboxuser/Desktop/workdir2/test01/build-naoqi-sdk/CMakeFiles/CMakeTmp'
/usr/local/bin/cmake -E cmake_progress_report /home/vboxuser/Desktop/workdir2/test01/build-naoqi-sdk/CMakeFiles/CMakeTmp/CMakeFiles 1
Building C object CMakeFiles/cmTryCompileExec2088250007.dir/testCCompiler.c.o
/usr/bin/cc    -o CMakeFiles/cmTryCompileExec2088250007.dir/testCCompiler.c.o   -c /home/vboxuser/Desktop/workdir2/test01/build-naoqi-sdk/CMakeFiles/CMakeTmp/testCCompiler.c
Linking C executable cmTryCompileExec2088250007
/usr/local/bin/cmake -E cmake_link_script CMakeFiles/cmTryCompileExec2088250007.dir/link.txt --verbose=1
/usr/bin/cc       CMakeFiles/cmTryCompileExec2088250007.dir/testCCompiler.c.o  -o cmTryCompileExec2088250007 -rdynamic 
make[1]: Leaving directory `/home/vboxuser/Desktop/workdir2/test01/build-naoqi-sdk/CMakeFiles/CMakeTmp'


Detecting C compiler ABI info compiled with the following output:
Change Dir: /home/vboxuser/Desktop/workdir2/test01/build-naoqi-sdk/CMakeFiles/CMakeTmp

Run Build Command:"/usr/bin/make" "cmTryCompileExec713728986/fast"
/usr/bin/make -f CMakeFiles/cmTryCompileExec713728986.dir/build.make CMakeFiles/cmTryCompileExec713728986.dir/build
make[1]: Entering directory `/home/vboxuser/Desktop/workdir2/test01/build-naoqi-sdk/CMakeFiles/CMakeTmp'
/usr/local/bin/cmake -E cmake_progress_report /home/vboxuser/Desktop/workdir2/test01/build-naoqi-sdk/CMakeFiles/CMakeTmp/CMakeFiles 1
Building C object CMakeFiles/cmTryCompileExec713728986.dir/CMakeCCompilerABI.c.o
/usr/bin/cc    -o CMakeFiles/cmTryCompileExec713728986.dir/CMakeCCompilerABI.c.o   -c /usr/local/share/cmake-3.2/Modules/CMakeCCompilerABI.c
Linking C executable cmTryCompileExec713728986
/usr/local/bin/cmake -E cmake_link_script CMakeFiles/cmTryCompileExec713728986.dir/link.txt --verbose=1
/usr/bin/cc      -v CMakeFiles/cmTryCompileExec713728986.dir/CMakeCCompilerABI.c.o  -o cmTryCompileExec713728986 -rdynamic  
Using built-in specs.
COLLECT_GCC=/usr/bin/cc
COLLECT_LTO_WRAPPER=/usr/lib/gcc/x86_64-linux-gnu/4.6/lto-wrapper
Target: x86_64-linux-gnu
Configured with: ../src/configure -v --with-pkgversion='Ubuntu/Linaro 4.6.3-1ubuntu5' --with-bugurl=file:///usr/share/doc/gcc-4.6/README.Bugs --enable-languages=c,c++,fortran,objc,obj-c++ --prefix=/usr --program-suffix=-4.6 --enable-shared --enable-linker-build-id --with-system-zlib --libexecdir=/usr/lib --without-included-gettext --enable-threads=posix --with-gxx-include-dir=/usr/include/c++/4.6 --libdir=/usr/lib --enable-nls --with-sysroot=/ --enable-clocale=gnu --enable-libstdcxx-debug --enable-libstdcxx-time=yes --enable-gnu-unique-object --enable-plugin --enable-objc-gc --disable-werror --with-arch-32=i686 --with-tune=generic --enable-checking=release --build=x86_64-linux-gnu --host=x86_64-linux-gnu --target=x86_64-linux-gnu
Thread model: posix
gcc version 4.6.3 (Ubuntu/Linaro 4.6.3-1ubuntu5) 
COMPILER_PATH=/usr/lib/gcc/x86_64-linux-gnu/4.6/:/usr/lib/gcc/x86_64-linux-gnu/4.6/:/usr/lib/gcc/x86_64-linux-gnu/:/usr/lib/gcc/x86_64-linux-gnu/4.6/:/usr/lib/gcc/x86_64-linux-gnu/
LIBRARY_PATH=/usr/lib/gcc/x86_64-linux-gnu/4.6/:/usr/lib/gcc/x86_64-linux-gnu/4.6/../../../x86_64-linux-gnu/:/usr/lib/gcc/x86_64-linux-gnu/4.6/../../../../lib/:/lib/x86_64-linux-gnu/:/lib/../lib/:/usr/lib/x86_64-linux-gnu/:/usr/lib/../lib/:/usr/lib/gcc/x86_64-linux-gnu/4.6/../../../:/lib/:/usr/lib/
COLLECT_GCC_OPTIONS='-v' '-o' 'cmTryCompileExec713728986' '-rdynamic' '-mtune=generic' '-march=x86-64'
 /usr/lib/gcc/x86_64-linux-gnu/4.6/collect2 --sysroot=/ --build-id --no-add-needed --as-needed --eh-frame-hdr -m elf_x86_64 --hash-style=gnu -export-dynamic -dynamic-linker /lib64/ld-linux-x86-64.so.2 -z relro -o cmTryCompileExec713728986 /usr/lib/gcc/x86_64-linux-gnu/4.6/../../../x86_64-linux-gnu/crt1.o /usr/lib/gcc/x86_64-linux-gnu/4.6/../../../x86_64-linux-gnu/crti.o /usr/lib/gcc/x86_64-linux-gnu/4.6/crtbegin.o -L/usr/lib/gcc/x86_64-linux-gnu/4.6 -L/usr/lib/gcc/x86_64-linux-gnu/4.6/../../../x86_64-linux-gnu -L/usr/lib/gcc/x86_64-linux-gnu/4.6/../../../../lib -L/lib/x86_64-linux-gnu -L/lib/../lib -L/usr/lib/x86_64-linux-gnu -L/usr/lib/../lib -L/usr/lib/gcc/x86_64-linux-gnu/4.6/../../.. CMakeFiles/cmTryCompileExec713728986.dir/CMakeCCompilerABI.c.o -lgcc --as-needed -lgcc_s --no-as-needed -lc -lgcc --as-needed -lgcc_s --no-as-needed /usr/lib/gcc/x86_64-linux-gnu/4.6/crtend.o /usr/lib/gcc/x86_64-linux-gnu/4.6/../../../x86_64-linux-gnu/crtn.o
make[1]: Leaving directory `/home/vboxuser/Desktop/workdir2/test01/build-naoqi-sdk/CMakeFiles/CMakeTmp'


Parsed C implicit link information from above output:
  link line regex: [^( *|.*[/\])(ld|([^/\]+-)?ld|collect2)[^/\]*( |$)]
  ignore line: [Change Dir: /home/vboxuser/Desktop/workdir2/test01/build-naoqi-sdk/CMakeFiles/CMakeTmp]
  ignore line: []
  ignore line: [Run Build Command:"/usr/bin/make" "cmTryCompileExec713728986/fast"]
  ignore line: [/usr/bin/make -f CMakeFiles/cmTryCompileExec713728986.dir/build.make CMakeFiles/cmTryCompileExec713728986.dir/build]
  ignore line: [make[1]: Entering directory `/home/vboxuser/Desktop/workdir2/test01/build-naoqi-sdk/CMakeFiles/CMakeTmp']
  ignore line: [/usr/local/bin/cmake -E cmake_progress_report /home/vboxuser/Desktop/workdir2/test01/build-naoqi-sdk/CMakeFiles/CMakeTmp/CMakeFiles 1]
  ignore line: [Building C object CMakeFiles/cmTryCompileExec713728986.dir/CMakeCCompilerABI.c.o]
  ignore line: [/usr/bin/cc    -o CMakeFiles/cmTryCompileExec713728986.dir/CMakeCCompilerABI.c.o   -c /usr/local/share/cmake-3.2/Modules/CMakeCCompilerABI.c]
  ignore line: [Linking C executable cmTryCompileExec713728986]
  ignore line: [/usr/local/bin/cmake -E cmake_link_script CMakeFiles/cmTryCompileExec713728986.dir/link.txt --verbose=1]
  ignore line: [/usr/bin/cc      -v CMakeFiles/cmTryCompileExec713728986.dir/CMakeCCompilerABI.c.o  -o cmTryCompileExec713728986 -rdynamic  ]
  ignore line: [Using built-in specs.]
  ignore line: [COLLECT_GCC=/usr/bin/cc]
  ignore line: [COLLECT_LTO_WRAPPER=/usr/lib/gcc/x86_64-linux-gnu/4.6/lto-wrapper]
  ignore line: [Target: x86_64-linux-gnu]
  ignore line: [Configured with: ../src/configure -v --with-pkgversion='Ubuntu/Linaro 4.6.3-1ubuntu5' --with-bugurl=file:///usr/share/doc/gcc-4.6/README.Bugs --enable-languages=c,c++,fortran,objc,obj-c++ --prefix=/usr --program-suffix=-4.6 --enable-shared --enable-linker-build-id --with-system-zlib --libexecdir=/usr/lib --without-included-gettext --enable-threads=posix --with-gxx-include-dir=/usr/include/c++/4.6 --libdir=/usr/lib --enable-nls --with-sysroot=/ --enable-clocale=gnu --enable-libstdcxx-debug --enable-libstdcxx-time=yes --enable-gnu-unique-object --enable-plugin --enable-objc-gc --disable-werror --with-arch-32=i686 --with-tune=generic --enable-checking=release --build=x86_64-linux-gnu --host=x86_64-linux-gnu --target=x86_64-linux-gnu]
  ignore line: [Thread model: posix]
  ignore line: [gcc version 4.6.3 (Ubuntu/Linaro 4.6.3-1ubuntu5) ]
  ignore line: [COMPILER_PATH=/usr/lib/gcc/x86_64-linux-gnu/4.6/:/usr/lib/gcc/x86_64-linux-gnu/4.6/:/usr/lib/gcc/x86_64-linux-gnu/:/usr/lib/gcc/x86_64-linux-gnu/4.6/:/usr/lib/gcc/x86_64-linux-gnu/]
  ignore line: [LIBRARY_PATH=/usr/lib/gcc/x86_64-linux-gnu/4.6/:/usr/lib/gcc/x86_64-linux-gnu/4.6/../../../x86_64-linux-gnu/:/usr/lib/gcc/x86_64-linux-gnu/4.6/../../../../lib/:/lib/x86_64-linux-gnu/:/lib/../lib/:/usr/lib/x86_64-linux-gnu/:/usr/lib/../lib/:/usr/lib/gcc/x86_64-linux-gnu/4.6/../../../:/lib/:/usr/lib/]
  ignore line: [COLLECT_GCC_OPTIONS='-v' '-o' 'cmTryCompileExec713728986' '-rdynamic' '-mtune=generic' '-march=x86-64']
  link line: [ /usr/lib/gcc/x86_64-linux-gnu/4.6/collect2 --sysroot=/ --build-id --no-add-needed --as-needed --eh-frame-hdr -m elf_x86_64 --hash-style=gnu -export-dynamic -dynamic-linker /lib64/ld-linux-x86-64.so.2 -z relro -o cmTryCompileExec713728986 /usr/lib/gcc/x86_64-linux-gnu/4.6/../../../x86_64-linux-gnu/crt1.o /usr/lib/gcc/x86_64-linux-gnu/4.6/../../../x86_64-linux-gnu/crti.o /usr/lib/gcc/x86_64-linux-gnu/4.6/crtbegin.o -L/usr/lib/gcc/x86_64-linux-gnu/4.6 -L/usr/lib/gcc/x86_64-linux-gnu/4.6/../../../x86_64-linux-gnu -L/usr/lib/gcc/x86_64-linux-gnu/4.6/../../../../lib -L/lib/x86_64-linux-gnu -L/lib/../lib -L/usr/lib/x86_64-linux-gnu -L/usr/lib/../lib -L/usr/lib/gcc/x86_64-linux-gnu/4.6/../../.. CMakeFiles/cmTryCompileExec713728986.dir/CMakeCCompilerABI.c.o -lgcc --as-needed -lgcc_s --no-as-needed -lc -lgcc --as-needed -lgcc_s --no-as-needed /usr/lib/gcc/x86_64-linux-gnu/4.6/crtend.o /usr/lib/gcc/x86_64-linux-gnu/4.6/../../../x86_64-linux-gnu/crtn.o]
    arg [/usr/lib/gcc/x86_64-linux-gnu/4.6/collect2] ==> ignore
    arg [--sysroot=/] ==> ignore
    arg [--build-id] ==> ignore
    arg [--no-add-needed] ==> ignore
    arg [--as-needed] ==> ignore
    arg [--eh-frame-hdr] ==> ignore
    arg [-m] ==> ignore
    arg [elf_x86_64] ==> ignore
    arg [--hash-style=gnu] ==> ignore
    arg [-export-dynamic] ==> ignore
    arg [-dynamic-linker] ==> ignore
    arg [/lib64/ld-linux-x86-64.so.2] ==> ignore
    arg [-zrelro] ==> ignore
    arg [-o] ==> ignore
    arg [cmTryCompileExec713728986] ==> ignore
    arg [/usr/lib/gcc/x86_64-linux-gnu/4.6/../../../x86_64-linux-gnu/crt1.o] ==> ignore
    arg [/usr/lib/gcc/x86_64-linux-gnu/4.6/../../../x86_64-linux-gnu/crti.o] ==> ignore
    arg [/usr/lib/gcc/x86_64-linux-gnu/4.6/crtbegin.o] ==> ignore
    arg [-L/usr/lib/gcc/x86_64-linux-gnu/4.6] ==> dir [/usr/lib/gcc/x86_64-linux-gnu/4.6]
    arg [-L/usr/lib/gcc/x86_64-linux-gnu/4.6/../../../x86_64-linux-gnu] ==> dir [/usr/lib/gcc/x86_64-linux-gnu/4.6/../../../x86_64-linux-gnu]
    arg [-L/usr/lib/gcc/x86_64-linux-gnu/4.6/../../../../lib] ==> dir [/usr/lib/gcc/x86_64-linux-gnu/4.6/../../../../lib]
    arg [-L/lib/x86_64-linux-gnu] ==> dir [/lib/x86_64-linux-gnu]
    arg [-L/lib/../lib] ==> dir [/lib/../lib]
    arg [-L/usr/lib/x86_64-linux-gnu] ==> dir [/usr/lib/x86_64-linux-gnu]
    arg [-L/usr/lib/../lib] ==> dir [/usr/lib/../lib]
    arg [-L/usr/lib/gcc/x86_64-linux-gnu/4.6/../../..] ==> dir [/usr/lib/gcc/x86_64-linux-gnu/4.6/../../..]
    arg [CMakeFiles/cmTryCompileExec713728986.dir/CMakeCCompilerABI.c.o] ==> ignore
    arg [-lgcc] ==> lib [gcc]
    arg [--as-needed] ==> ignore
    arg [-lgcc_s] ==> lib [gcc_s]
    arg [--no-as-needed] ==> ignore
    arg [-lc] ==> lib [c]
    arg [-lgcc] ==> lib [gcc]
    arg [--as-needed] ==> ignore
    arg [-lgcc_s] ==> lib [gcc_s]
    arg [--no-as-needed] ==> ignore
    arg [/usr/lib/gcc/x86_64-linux-gnu/4.6/crtend.o] ==> ignore
    arg [/usr/lib/gcc/x86_64-linux-gnu/4.6/../../../x86_64-linux-gnu/crtn.o] ==> ignore
  remove lib [gcc]
  remove lib [gcc_s]
  remove lib [gcc]
  remove lib [gcc_s]
  collapse library dir [/usr/lib/gcc/x86_64-linux-gnu/4.6] ==> [/usr/lib/gcc/x86_64-linux-gnu/4.6]
  collapse library dir [/usr/lib/gcc/x86_64-linux-gnu/4.6/../../../x86_64-linux-gnu] ==> [/usr/lib/x86_64-linux-gnu]
  collapse library dir [/usr/lib/gcc/x86_64-linux-gnu/4.6/../../../../lib] ==> [/usr/lib]
  collapse library dir [/lib/x86_64-linux-gnu] ==> [/lib/x86_64-linux-gnu]
  collapse library dir [/lib/../lib] ==> [/lib]
  collapse library dir [/usr/lib/x86_64-linux-gnu] ==> [/usr/lib/x86_64-linux-gnu]
  collapse library dir [/usr/lib/../lib] ==> [/usr/lib]
  collapse library dir [/usr/lib/gcc/x86_64-linux-gnu/4.6/../../..] ==> [/usr/lib]
  implicit libs: [c]
  implicit dirs: [/usr/lib/gcc/x86_64-linux-gnu/4.6;/usr/lib/x86_64-linux-gnu;/usr/lib;/lib/x86_64-linux-gnu;/lib]
  implicit fwks: []




Detecting C [-std=c1x] compiler features compiled with the following output:
Change Dir: /home/vboxuser/Desktop/workdir2/test01/build-naoqi-sdk/CMakeFiles/CMakeTmp

Run Build Command:"/usr/bin/make" "cmTryCompileExec895711449/fast"
/usr/bin/make -f CMakeFiles/cmTryCompileExec895711449.dir/build.make CMakeFiles/cmTryCompileExec895711449.dir/build
make[1]: Entering directory `/home/vboxuser/Desktop/workdir2/test01/build-naoqi-sdk/CMakeFiles/CMakeTmp'
/usr/local/bin/cmake -E cmake_progress_report /home/vboxuser/Desktop/workdir2/test01/build-naoqi-sdk/CMakeFiles/CMakeTmp/CMakeFiles 1
Building C object CMakeFiles/cmTryCompileExec895711449.dir/feature_tests.c.o
/usr/bin/cc   -std=c1x -o CMakeFiles/cmTryCompileExec895711449.dir/feature_tests.c.o   -c /home/vboxuser/Desktop/workdir2/test01/build-naoqi-sdk/CMakeFiles/feature_tests.c
Linking C executable cmTryCompileExec895711449
/usr/local/bin/cmake -E cmake_link_script CMakeFiles/cmTryCompileExec895711449.dir/link.txt --verbose=1
/usr/bin/cc       CMakeFiles/cmTryCompileExec895711449.dir/feature_tests.c.o  -o cmTryCompileExec895711449 -rdynamic 
make[1]: Leaving directory `/home/vboxuser/Desktop/workdir2/test01/build-naoqi-sdk/CMakeFiles/CMakeTmp'


    Feature record: C_FEATURE:1c_function_prototypes
    Feature record: C_FEATURE:1c_restrict
    Feature record: C_FEATURE:1c_static_assert
    Feature record: C_FEATURE:1c_variadic_macros


Detecting C [-std=c99] compiler features compiled with the following output:
Change Dir: /home/vboxuser/Desktop/workdir2/test01/build-naoqi-sdk/CMakeFiles/CMakeTmp

Run Build Command:"/usr/bin/make" "cmTryCompileExec3141592337/fast"
/usr/bin/make -f CMakeFiles/cmTryCompileExec3141592337.dir/build.make CMakeFiles/cmTryCompileExec3141592337.dir/build
make[1]: Entering directory `/home/vboxuser/Desktop/workdir2/test01/build-naoqi-sdk/CMakeFiles/CMakeTmp'
/usr/local/bin/cmake -E cmake_progress_report /home/vboxuser/Desktop/workdir2/test01/build-naoqi-sdk/CMakeFiles/CMakeTmp/CMakeFiles 1
Building C object CMakeFiles/cmTryCompileExec3141592337.dir/feature_tests.c.o
/usr/bin/cc   -std=c99 -o CMakeFiles/cmTryCompileExec3141592337.dir/feature_tests.c.o   -c /home/vboxuser/Desktop/workdir2/test01/build-naoqi-sdk/CMakeFiles/feature_tests.c
Linking C executable cmTryCompileExec3141592337
/usr/local/bin/cmake -E cmake_link_script CMakeFiles/cmTryCompileExec3141592337.dir/link.txt --verbose=1
/usr/bin/cc       CMakeFiles/cmTryCompileExec3141592337.dir/feature_tests.c.o  -o cmTryCompileExec3141592337 -rdynamic 
make[1]: Leaving directory `/home/vboxuser/Desktop/workdir2/test01/build-naoqi-sdk/CMakeFiles/CMakeTmp'


    Feature record: C_FEATURE:1c_function_prototypes
    Feature record: C_FEATURE:1c_restrict
    Feature record: C_FEATURE:0c_static_assert
    Feature record: C_FEATURE:1c_variadic_macros


Detecting C [-std=c90] compiler features compiled with the following output:
Change Dir: /home/vboxuser/Desktop/workdir2/test01/build-naoqi-sdk/CMakeFiles/CMakeTmp

Run Build Command:"/usr/bin/make" "cmTryCompileExec2563353779/fast"
/usr/bin/make -f CMakeFiles/cmTryCompileExec2563353779.dir/build.make CMakeFiles/cmTryCompileExec2563353779.dir/build
make[1]: Entering directory `/home/vboxuser/Desktop/workdir2/test01/build-naoqi-sdk/CMakeFiles/CMakeTmp'
/usr/local/bin/cmake -E cmake_progress_report /home/vboxuser/Desktop/workdir2/test01/build-naoqi-sdk/CMakeFiles/CMakeTmp/CMakeFiles 1
Building C object CMakeFiles/cmTryCompileExec2563353779.dir/feature_tests.c.o
/usr/bin/cc   -std=c90 -o CMakeFiles/cmTryCompileExec2563353779.dir/feature_tests.c.o   -c /home/vboxuser/Desktop/workdir2/test01/build-naoqi-sdk/CMakeFiles/feature_tests.c
Linking C executable cmTryCompileExec2563353779
/usr/local/bin/cmake -E cmake_link_script CMakeFiles/cmTryCompileExec2563353779.dir/link.txt --verbose=1
/usr/bin/cc       CMakeFiles/cmTryCompileExec2563353779.dir/feature_tests.c.o  -o cmTryCompileExec2563353779 -rdynamic 
make[1]: Leaving directory `/home/vboxuser/Desktop/workdir2/test01/build-naoqi-sdk/CMakeFiles/CMakeTmp'


    Feature record: C_FEATURE:1c_function_prototypes
    Feature record: C_FEATURE:0c_restrict
    Feature record: C_FEATURE:0c_static_assert
    Feature record: C_FEATURE:0c_variadic_macros
Determining if the CXX compiler works passed with the following output:
Change Dir: /home/vboxuser/Desktop/workdir2/test01/build-naoqi-sdk/CMakeFiles/CMakeTmp

Run Build Command:"/usr/bin/make" "cmTryCompileExec4244196224/fast"
/usr/bin/make -f CMakeFiles/cmTryCompileExec4244196224.dir/build.make CMakeFiles/cmTryCompileExec4244196224.dir/build
make[1]: Entering directory `/home/vboxuser/Desktop/workdir2/test01/build-naoqi-sdk/CMakeFiles/CMakeTmp'
/usr/local/bin/cmake -E cmake_progress_report /home/vboxuser/Desktop/workdir2/test01/build-naoqi-sdk/CMakeFiles/CMakeTmp/CMakeFiles 1
Building CXX object CMakeFiles/cmTryCompileExec4244196224.dir/testCXXCompiler.cxx.o
/usr/bin/c++    -std=gnu++11 -D_GLIBCXX_USE_CXX11_ABI=0    -o CMakeFiles/cmTryCompileExec4244196224.dir/testCXXCompiler.cxx.o -c /home/vboxuser/Desktop/workdir2/test01/build-naoqi-sdk/CMakeFiles/CMakeTmp/testCXXCompiler.cxx
Linking CXX executable cmTryCompileExec4244196224
/usr/local/bin/cmake -E cmake_link_script CMakeFiles/cmTryCompileExec4244196224.dir/link.txt --verbose=1
/usr/bin/c++   -std=gnu++11 -D_GLIBCXX_USE_CXX11_ABI=0     CMakeFiles/cmTryCompileExec4244196224.dir/testCXXCompiler.cxx.o  -o cmTryCompileExec4244196224 -rdynamic 
make[1]: Leaving directory `/home/vboxuser/Desktop/workdir2/test01/build-naoqi-sdk/CMakeFiles/CMakeTmp'


Detecting CXX compiler ABI info compiled with the following output:
Change Dir: /home/vboxuser/Desktop/workdir2/test01/build-naoqi-sdk/CMakeFiles/CMakeTmp

Run Build Command:"/usr/bin/make" "cmTryCompileExec2785808664/fast"
/usr/bin/make -f CMakeFiles/cmTryCompileExec2785808664.dir/build.make CMakeFiles/cmTryCompileExec2785808664.dir/build
make[1]: Entering directory `/home/vboxuser/Desktop/workdir2/test01/build-naoqi-sdk/CMakeFiles/CMakeTmp'
/usr/local/bin/cmake -E cmake_progress_report /home/vboxuser/Desktop/workdir2/test01/build-naoqi-sdk/CMakeFiles/CMakeTmp/CMakeFiles 1
Building CXX object CMakeFiles/cmTryCompileExec2785808664.dir/CMakeCXXCompilerABI.cpp.o
/usr/bin/c++    -std=gnu++11 -D_GLIBCXX_USE_CXX11_ABI=0    -o CMakeFiles/cmTryCompileExec2785808664.dir/CMakeCXXCompilerABI.cpp.o -c /usr/local/share/cmake-3.2/Modules/CMakeCXXCompilerABI.cpp
Linking CXX executable cmTryCompileExec2785808664
/usr/local/bin/cmake -E cmake_link_script CMakeFiles/cmTryCompileExec2785808664.dir/link.txt --verbose=1
/usr/bin/c++   -std=gnu++11 -D_GLIBCXX_USE_CXX11_ABI=0    -v CMakeFiles/cmTryCompileExec2785808664.dir/CMakeCXXCompilerABI.cpp.o  -o cmTryCompileExec2785808664 -rdynamic  
Using built-in specs.
COLLECT_GCC=/usr/bin/c++
COLLECT_LTO_WRAPPER=/usr/lib/gcc/x86_64-linux-gnu/4.8/lto-wrapper
Target: x86_64-linux-gnu
Configured with: ../src/configure -v --with-pkgversion='Ubuntu 4.8.4-1ubuntu15~12.04.1' --with-bugurl=file:///usr/share/doc/gcc-4.8/README.Bugs --enable-languages=c,c++,java,go,d,fortran,objc,obj-c++ --prefix=/usr --program-suffix=-4.8 --enable-shared --enable-linker-build-id --libexecdir=/usr/lib --without-included-gettext --enable-threads=posix --with-gxx-include-dir=/usr/include/c++/4.8 --libdir=/usr/lib --enable-nls --with-sysroot=/ --enable-clocale=gnu --enable-libstdcxx-debug --enable-libstdcxx-time=yes --enable-gnu-unique-object --disable-libmudflap --enable-plugin --with-system-zlib --disable-browser-plugin --enable-java-awt=gtk --enable-gtk-cairo --with-java-home=/usr/lib/jvm/java-1.5.0-gcj-4.8-amd64/jre --enable-java-home --with-jvm-root-dir=/usr/lib/jvm/java-1.5.0-gcj-4.8-amd64 --with-jvm-jar-dir=/usr/lib/jvm-exports/java-1.5.0-gcj-4.8-amd64 --with-arch-directory=amd64 --with-ecj-jar=/usr/share/java/eclipse-ecj.jar --enable-objc-gc --enable-multiarch --disable-werror --with-arch-32=i686 --with-abi=m64 --with-multilib-list=m32,m64 --with-tune=generic --enable-checking=release --build=x86_64-linux-gnu --host=x86_64-linux-gnu --target=x86_64-linux-gnu
Thread model: posix
gcc version 4.8.4 (Ubuntu 4.8.4-1ubuntu15~12.04.1) 
COMPILER_PATH=/usr/lib/gcc/x86_64-linux-gnu/4.8/:/usr/lib/gcc/x86_64-linux-gnu/4.8/:/usr/lib/gcc/x86_64-linux-gnu/:/usr/lib/gcc/x86_64-linux-gnu/4.8/:/usr/lib/gcc/x86_64-linux-gnu/
LIBRARY_PATH=/usr/lib/gcc/x86_64-linux-gnu/4.8/:/usr/lib/gcc/x86_64-linux-gnu/4.8/../../../x86_64-linux-gnu/:/usr/lib/gcc/x86_64-linux-gnu/4.8/../../../../lib/:/lib/x86_64-linux-gnu/:/lib/../lib/:/usr/lib/x86_64-linux-gnu/:/usr/lib/../lib/:/usr/lib/gcc/x86_64-linux-gnu/4.8/../../../:/lib/:/usr/lib/
COLLECT_GCC_OPTIONS='-std=gnu++11' '-D' '_GLIBCXX_USE_CXX11_ABI=0' '-v' '-o' 'cmTryCompileExec2785808664' '-rdynamic' '-shared-libgcc' '-mtune=generic' '-march=x86-64'
 /usr/lib/gcc/x86_64-linux-gnu/4.8/collect2 --sysroot=/ --build-id --eh-frame-hdr -m elf_x86_64 --hash-style=gnu --as-needed -export-dynamic -dynamic-linker /lib64/ld-linux-x86-64.so.2 -z relro -o cmTryCompileExec2785808664 /usr/lib/gcc/x86_64-linux-gnu/4.8/../../../x86_64-linux-gnu/crt1.o /usr/lib/gcc/x86_64-linux-gnu/4.8/../../../x86_64-linux-gnu/crti.o /usr/lib/gcc/x86_64-linux-gnu/4.8/crtbegin.o -L/usr/lib/gcc/x86_64-linux-gnu/4.8 -L/usr/lib/gcc/x86_64-linux-gnu/4.8/../../../x86_64-linux-gnu -L/usr/lib/gcc/x86_64-linux-gnu/4.8/../../../../lib -L/lib/x86_64-linux-gnu -L/lib/../lib -L/usr/lib/x86_64-linux-gnu -L/usr/lib/../lib -L/usr/lib/gcc/x86_64-linux-gnu/4.8/../../.. CMakeFiles/cmTryCompileExec2785808664.dir/CMakeCXXCompilerABI.cpp.o -lstdc++ -lm -lgcc_s -lgcc -lc -lgcc_s -lgcc /usr/lib/gcc/x86_64-linux-gnu/4.8/crtend.o /usr/lib/gcc/x86_64-linux-gnu/4.8/../../../x86_64-linux-gnu/crtn.o
make[1]: Leaving directory `/home/vboxuser/Desktop/workdir2/test01/build-naoqi-sdk/CMakeFiles/CMakeTmp'


Parsed CXX implicit link information from above output:
  link line regex: [^( *|.*[/\])(ld|([^/\]+-)?ld|collect2)[^/\]*( |$)]
  ignore line: [Change Dir: /home/vboxuser/Desktop/workdir2/test01/build-naoqi-sdk/CMakeFiles/CMakeTmp]
  ignore line: []
  ignore line: [Run Build Command:"/usr/bin/make" "cmTryCompileExec2785808664/fast"]
  ignore line: [/usr/bin/make -f CMakeFiles/cmTryCompileExec2785808664.dir/build.make CMakeFiles/cmTryCompileExec2785808664.dir/build]
  ignore line: [make[1]: Entering directory `/home/vboxuser/Desktop/workdir2/test01/build-naoqi-sdk/CMakeFiles/CMakeTmp']
  ignore line: [/usr/local/bin/cmake -E cmake_progress_report /home/vboxuser/Desktop/workdir2/test01/build-naoqi-sdk/CMakeFiles/CMakeTmp/CMakeFiles 1]
  ignore line: [Building CXX object CMakeFiles/cmTryCompileExec2785808664.dir/CMakeCXXCompilerABI.cpp.o]
  ignore line: [/usr/bin/c++    -std=gnu++11 -D_GLIBCXX_USE_CXX11_ABI=0    -o CMakeFiles/cmTryCompileExec2785808664.dir/CMakeCXXCompilerABI.cpp.o -c /usr/local/share/cmake-3.2/Modules/CMakeCXXCompilerABI.cpp]
  ignore line: [Linking CXX executable cmTryCompileExec2785808664]
  ignore line: [/usr/local/bin/cmake -E cmake_link_script CMakeFiles/cmTryCompileExec2785808664.dir/link.txt --verbose=1]
  ignore line: [/usr/bin/c++   -std=gnu++11 -D_GLIBCXX_USE_CXX11_ABI=0    -v CMakeFiles/cmTryCompileExec2785808664.dir/CMakeCXXCompilerABI.cpp.o  -o cmTryCompileExec2785808664 -rdynamic  ]
  ignore line: [Using built-in specs.]
  ignore line: [COLLECT_GCC=/usr/bin/c++]
  ignore line: [COLLECT_LTO_WRAPPER=/usr/lib/gcc/x86_64-linux-gnu/4.8/lto-wrapper]
  ignore line: [Target: x86_64-linux-gnu]
  ignore line: [Configured with: ../src/configure -v --with-pkgversion='Ubuntu 4.8.4-1ubuntu15~12.04.1' --with-bugurl=file:///usr/share/doc/gcc-4.8/README.Bugs --enable-languages=c,c++,java,go,d,fortran,objc,obj-c++ --prefix=/usr --program-suffix=-4.8 --enable-shared --enable-linker-build-id --libexecdir=/usr/lib --without-included-gettext --enable-threads=posix --with-gxx-include-dir=/usr/include/c++/4.8 --libdir=/usr/lib --enable-nls --with-sysroot=/ --enable-clocale=gnu --enable-libstdcxx-debug --enable-libstdcxx-time=yes --enable-gnu-unique-object --disable-libmudflap --enable-plugin --with-system-zlib --disable-browser-plugin --enable-java-awt=gtk --enable-gtk-cairo --with-java-home=/usr/lib/jvm/java-1.5.0-gcj-4.8-amd64/jre --enable-java-home --with-jvm-root-dir=/usr/lib/jvm/java-1.5.0-gcj-4.8-amd64 --with-jvm-jar-dir=/usr/lib/jvm-exports/java-1.5.0-gcj-4.8-amd64 --with-arch-directory=amd64 --with-ecj-jar=/usr/share/java/eclipse-ecj.jar --enable-objc-gc --enable-multiarch --disable-werror --with-arch-32=i686 --with-abi=m64 --with-multilib-list=m32,m64 --with-tune=generic --enable-checking=release --build=x86_64-linux-gnu --host=x86_64-linux-gnu --target=x86_64-linux-gnu]
  ignore line: [Thread model: posix]
  ignore line: [gcc version 4.8.4 (Ubuntu 4.8.4-1ubuntu15~12.04.1) ]
  ignore line: [COMPILER_PATH=/usr/lib/gcc/x86_64-linux-gnu/4.8/:/usr/lib/gcc/x86_64-linux-gnu/4.8/:/usr/lib/gcc/x86_64-linux-gnu/:/usr/lib/gcc/x86_64-linux-gnu/4.8/:/usr/lib/gcc/x86_64-linux-gnu/]
  ignore line: [LIBRARY_PATH=/usr/lib/gcc/x86_64-linux-gnu/4.8/:/usr/lib/gcc/x86_64-linux-gnu/4.8/../../../x86_64-linux-gnu/:/usr/lib/gcc/x86_64-linux-gnu/4.8/../../../../lib/:/lib/x86_64-linux-gnu/:/lib/../lib/:/usr/lib/x86_64-linux-gnu/:/usr/lib/../lib/:/usr/lib/gcc/x86_64-linux-gnu/4.8/../../../:/lib/:/usr/lib/]
  ignore line: [COLLECT_GCC_OPTIONS='-std=gnu++11' '-D' '_GLIBCXX_USE_CXX11_ABI=0' '-v' '-o' 'cmTryCompileExec2785808664' '-rdynamic' '-shared-libgcc' '-mtune=generic' '-march=x86-64']
  link line: [ /usr/lib/gcc/x86_64-linux-gnu/4.8/collect2 --sysroot=/ --build-id --eh-frame-hdr -m elf_x86_64 --hash-style=gnu --as-needed -export-dynamic -dynamic-linker /lib64/ld-linux-x86-64.so.2 -z relro -o cmTryCompileExec2785808664 /usr/lib/gcc/x86_64-linux-gnu/4.8/../../../x86_64-linux-gnu/crt1.o /usr/lib/gcc/x86_64-linux-gnu/4.8/../../../x86_64-linux-gnu/crti.o /usr/lib/gcc/x86_64-linux-gnu/4.8/crtbegin.o -L/usr/lib/gcc/x86_64-linux-gnu/4.8 -L/usr/lib/gcc/x86_64-linux-gnu/4.8/../../../x86_64-linux-gnu -L/usr/lib/gcc/x86_64-linux-gnu/4.8/../../../../lib -L/lib/x86_64-linux-gnu -L/lib/../lib -L/usr/lib/x86_64-linux-gnu -L/usr/lib/../lib -L/usr/lib/gcc/x86_64-linux-gnu/4.8/../../.. CMakeFiles/cmTryCompileExec2785808664.dir/CMakeCXXCompilerABI.cpp.o -lstdc++ -lm -lgcc_s -lgcc -lc -lgcc_s -lgcc /usr/lib/gcc/x86_64-linux-gnu/4.8/crtend.o /usr/lib/gcc/x86_64-linux-gnu/4.8/../../../x86_64-linux-gnu/crtn.o]
    arg [/usr/lib/gcc/x86_64-linux-gnu/4.8/collect2] ==> ignore
    arg [--sysroot=/] ==> ignore
    arg [--build-id] ==> ignore
    arg [--eh-frame-hdr] ==> ignore
    arg [-m] ==> ignore
    arg [elf_x86_64] ==> ignore
    arg [--hash-style=gnu] ==> ignore
    arg [--as-needed] ==> ignore
    arg [-export-dynamic] ==> ignore
    arg [-dynamic-linker] ==> ignore
    arg [/lib64/ld-linux-x86-64.so.2] ==> ignore
    arg [-zrelro] ==> ignore
    arg [-o] ==> ignore
    arg [cmTryCompileExec2785808664] ==> ignore
    arg [/usr/lib/gcc/x86_64-linux-gnu/4.8/../../../x86_64-linux-gnu/crt1.o] ==> ignore
    arg [/usr/lib/gcc/x86_64-linux-gnu/4.8/../../../x86_64-linux-gnu/crti.o] ==> ignore
    arg [/usr/lib/gcc/x86_64-linux-gnu/4.8/crtbegin.o] ==> ignore
    arg [-L/usr/lib/gcc/x86_64-linux-gnu/4.8] ==> dir [/usr/lib/gcc/x86_64-linux-gnu/4.8]
    arg [-L/usr/lib/gcc/x86_64-linux-gnu/4.8/../../../x86_64-linux-gnu] ==> dir [/usr/lib/gcc/x86_64-linux-gnu/4.8/../../../x86_64-linux-gnu]
    arg [-L/usr/lib/gcc/x86_64-linux-gnu/4.8/../../../../lib] ==> dir [/usr/lib/gcc/x86_64-linux-gnu/4.8/../../../../lib]
    arg [-L/lib/x86_64-linux-gnu] ==> dir [/lib/x86_64-linux-gnu]
    arg [-L/lib/../lib] ==> dir [/lib/../lib]
    arg [-L/usr/lib/x86_64-linux-gnu] ==> dir [/usr/lib/x86_64-linux-gnu]
    arg [-L/usr/lib/../lib] ==> dir [/usr/lib/../lib]
    arg [-L/usr/lib/gcc/x86_64-linux-gnu/4.8/../../..] ==> dir [/usr/lib/gcc/x86_64-linux-gnu/4.8/../../..]
    arg [CMakeFiles/cmTryCompileExec2785808664.dir/CMakeCXXCompilerABI.cpp.o] ==> ignore
    arg [-lstdc++] ==> lib [stdc++]
    arg [-lm] ==> lib [m]
    arg [-lgcc_s] ==> lib [gcc_s]
    arg [-lgcc] ==> lib [gcc]
    arg [-lc] ==> lib [c]
    arg [-lgcc_s] ==> lib [gcc_s]
    arg [-lgcc] ==> lib [gcc]
    arg [/usr/lib/gcc/x86_64-linux-gnu/4.8/crtend.o] ==> ignore
    arg [/usr/lib/gcc/x86_64-linux-gnu/4.8/../../../x86_64-linux-gnu/crtn.o] ==> ignore
  remove lib [gcc_s]
  remove lib [gcc]
  remove lib [gcc_s]
  remove lib [gcc]
  collapse library dir [/usr/lib/gcc/x86_64-linux-gnu/4.8] ==> [/usr/lib/gcc/x86_64-linux-gnu/4.8]
  collapse library dir [/usr/lib/gcc/x86_64-linux-gnu/4.8/../../../x86_64-linux-gnu] ==> [/usr/lib/x86_64-linux-gnu]
  collapse library dir [/usr/lib/gcc/x86_64-linux-gnu/4.8/../../../../lib] ==> [/usr/lib]
  collapse library dir [/lib/x86_64-linux-gnu] ==> [/lib/x86_64-linux-gnu]
  collapse library dir [/lib/../lib] ==> [/lib]
  collapse library dir [/usr/lib/x86_64-linux-gnu] ==> [/usr/lib/x86_64-linux-gnu]
  collapse library dir [/usr/lib/../lib] ==> [/usr/lib]
  collapse library dir [/usr/lib/gcc/x86_64-linux-gnu/4.8/../../..] ==> [/usr/lib]
  implicit libs: [stdc++;m;c]
  implicit dirs: [/usr/lib/gcc/x86_64-linux-gnu/4.8;/usr/lib/x86_64-linux-gnu;/usr/lib;/lib/x86_64-linux-gnu;/lib]
  implicit fwks: []




Detecting CXX [-std=c++1y] compiler features compiled with the following output:
Change Dir: /home/vboxuser/Desktop/workdir2/test01/build-naoqi-sdk/CMakeFiles/CMakeTmp

Run Build Command:"/usr/bin/make" "cmTryCompileExec3792968991/fast"
/usr/bin/make -f CMakeFiles/cmTryCompileExec3792968991.dir/build.make CMakeFiles/cmTryCompileExec3792968991.dir/build
make[1]: Entering directory `/home/vboxuser/Desktop/workdir2/test01/build-naoqi-sdk/CMakeFiles/CMakeTmp'
/usr/local/bin/cmake -E cmake_progress_report /home/vboxuser/Desktop/workdir2/test01/build-naoqi-sdk/CMakeFiles/CMakeTmp/CMakeFiles 1
Building CXX object CMakeFiles/cmTryCompileExec3792968991.dir/feature_tests.cxx.o
/usr/bin/c++    -std=gnu++11 -D_GLIBCXX_USE_CXX11_ABI=0    -std=c++1y -o CMakeFiles/cmTryCompileExec3792968991.dir/feature_tests.cxx.o -c /home/vboxuser/Desktop/workdir2/test01/build-naoqi-sdk/CMakeFiles/feature_tests.cxx
Linking CXX executable cmTryCompileExec3792968991
/usr/local/bin/cmake -E cmake_link_script CMakeFiles/cmTryCompileExec3792968991.dir/link.txt --verbose=1
/usr/bin/c++   -std=gnu++11 -D_GLIBCXX_USE_CXX11_ABI=0     CMakeFiles/cmTryCompileExec3792968991.dir/feature_tests.cxx.o  -o cmTryCompileExec3792968991 -rdynamic 
make[1]: Leaving directory `/home/vboxuser/Desktop/workdir2/test01/build-naoqi-sdk/CMakeFiles/CMakeTmp'


    Feature record: CXX_FEATURE:0cxx_aggregate_default_initializers
    Feature record: CXX_FEATURE:1cxx_alias_templates
    Feature record: CXX_FEATURE:1cxx_alignas
    Feature record: CXX_FEATURE:1cxx_alignof
    Feature record: CXX_FEATURE:1cxx_attributes
    Feature record: CXX_FEATURE:0cxx_attribute_deprecated
    Feature record: CXX_FEATURE:1cxx_auto_type
    Feature record: CXX_FEATURE:0cxx_binary_literals
    Feature record: CXX_FEATURE:1cxx_constexpr
    Feature record: CXX_FEATURE:0cxx_contextual_conversions
    Feature record: CXX_FEATURE:1cxx_decltype
    Feature record: CXX_FEATURE:0cxx_decltype_auto
    Feature record: CXX_FEATURE:1cxx_decltype_incomplete_return_types
    Feature record: CXX_FEATURE:1cxx_default_function_template_args
    Feature record: CXX_FEATURE:1cxx_defaulted_functions
    Feature record: CXX_FEATURE:1cxx_defaulted_move_initializers
    Feature record: CXX_FEATURE:1cxx_delegating_constructors
    Feature record: CXX_FEATURE:1cxx_deleted_functions
    Feature record: CXX_FEATURE:0cxx_digit_separators
    Feature record: CXX_FEATURE:1cxx_enum_forward_declarations
    Feature record: CXX_FEATURE:1cxx_explicit_conversions
    Feature record: CXX_FEATURE:1cxx_extended_friend_declarations
    Feature record: CXX_FEATURE:1cxx_extern_templates
    Feature record: CXX_FEATURE:1cxx_final
    Feature record: CXX_FEATURE:1cxx_func_identifier
    Feature record: CXX_FEATURE:1cxx_generalized_initializers
    Feature record: CXX_FEATURE:0cxx_generic_lambdas
    Feature record: CXX_FEATURE:1cxx_inheriting_constructors
    Feature record: CXX_FEATURE:1cxx_inline_namespaces
    Feature record: CXX_FEATURE:1cxx_lambdas
    Feature record: CXX_FEATURE:0cxx_lambda_init_captures
    Feature record: CXX_FEATURE:1cxx_local_type_template_args
    Feature record: CXX_FEATURE:1cxx_long_long_type
    Feature record: CXX_FEATURE:1cxx_noexcept
    Feature record: CXX_FEATURE:1cxx_nonstatic_member_init
    Feature record: CXX_FEATURE:1cxx_nullptr
    Feature record: CXX_FEATURE:1cxx_override
    Feature record: CXX_FEATURE:1cxx_range_for
    Feature record: CXX_FEATURE:1cxx_raw_string_literals
    Feature record: CXX_FEATURE:1cxx_reference_qualified_functions
    Feature record: CXX_FEATURE:0cxx_relaxed_constexpr
    Feature record: CXX_FEATURE:0cxx_return_type_deduction
    Feature record: CXX_FEATURE:1cxx_right_angle_brackets
    Feature record: CXX_FEATURE:1cxx_rvalue_references
    Feature record: CXX_FEATURE:1cxx_sizeof_member
    Feature record: CXX_FEATURE:1cxx_static_assert
    Feature record: CXX_FEATURE:1cxx_strong_enums
    Feature record: CXX_FEATURE:1cxx_template_template_parameters
    Feature record: CXX_FEATURE:1cxx_thread_local
    Feature record: CXX_FEATURE:1cxx_trailing_return_types
    Feature record: CXX_FEATURE:1cxx_unicode_literals
    Feature record: CXX_FEATURE:1cxx_uniform_initialization
    Feature record: CXX_FEATURE:1cxx_unrestricted_unions
    Feature record: CXX_FEATURE:1cxx_user_literals
    Feature record: CXX_FEATURE:0cxx_variable_templates
    Feature record: CXX_FEATURE:1cxx_variadic_macros
    Feature record: CXX_FEATURE:1cxx_variadic_templates


Detecting CXX [-std=c++11] compiler features compiled with the following output:
Change Dir: /home/vboxuser/Desktop/workdir2/test01/build-naoqi-sdk/CMakeFiles/CMakeTmp

Run Build Command:"/usr/bin/make" "cmTryCompileExec3161944800/fast"
/usr/bin/make -f CMakeFiles/cmTryCompileExec3161944800.dir/build.make CMakeFiles/cmTryCompileExec3161944800.dir/build
make[1]: Entering directory `/home/vboxuser/Desktop/workdir2/test01/build-naoqi-sdk/CMakeFiles/CMakeTmp'
/usr/local/bin/cmake -E cmake_progress_report /home/vboxuser/Desktop/workdir2/test01/build-naoqi-sdk/CMakeFiles/CMakeTmp/CMakeFiles 1
Building CXX object CMakeFiles/cmTryCompileExec3161944800.dir/feature_tests.cxx.o
/usr/bin/c++    -std=gnu++11 -D_GLIBCXX_USE_CXX11_ABI=0    -std=c++11 -o CMakeFiles/cmTryCompileExec3161944800.dir/feature_tests.cxx.o -c /home/vboxuser/Desktop/workdir2/test01/build-naoqi-sdk/CMakeFiles/feature_tests.cxx
Linking CXX executable cmTryCompileExec3161944800
/usr/local/bin/cmake -E cmake_link_script CMakeFiles/cmTryCompileExec3161944800.dir/link.txt --verbose=1
/usr/bin/c++   -std=gnu++11 -D_GLIBCXX_USE_CXX11_ABI=0     CMakeFiles/cmTryCompileExec3161944800.dir/feature_tests.cxx.o  -o cmTryCompileExec3161944800 -rdynamic 
make[1]: Leaving directory `/home/vboxuser/Desktop/workdir2/test01/build-naoqi-sdk/CMakeFiles/CMakeTmp'


    Feature record: CXX_FEATURE:0cxx_aggregate_default_initializers
    Feature record: CXX_FEATURE:1cxx_alias_templates
    Feature record: CXX_FEATURE:1cxx_alignas
    Feature record: CXX_FEATURE:1cxx_alignof
    Feature record: CXX_FEATURE:1cxx_attributes
    Feature record: CXX_FEATURE:0cxx_attribute_deprecated
    Feature record: CXX_FEATURE:1cxx_auto_type
    Feature record: CXX_FEATURE:0cxx_binary_literals
    Feature record: CXX_FEATURE:1cxx_constexpr
    Feature record: CXX_FEATURE:0cxx_contextual_conversions
    Feature record: CXX_FEATURE:1cxx_decltype
    Feature record: CXX_FEATURE:0cxx_decltype_auto
    Feature record: CXX_FEATURE:1cxx_decltype_incomplete_return_types
    Feature record: CXX_FEATURE:1cxx_default_function_template_args
    Feature record: CXX_FEATURE:1cxx_defaulted_functions
    Feature record: CXX_FEATURE:1cxx_defaulted_move_initializers
    Feature record: CXX_FEATURE:1cxx_delegating_constructors
    Feature record: CXX_FEATURE:1cxx_deleted_functions
    Feature record: CXX_FEATURE:0cxx_digit_separators
    Feature record: CXX_FEATURE:1cxx_enum_forward_declarations
    Feature record: CXX_FEATURE:1cxx_explicit_conversions
    Feature record: CXX_FEATURE:1cxx_extended_friend_declarations
    Feature record: CXX_FEATURE:1cxx_extern_templates
    Feature record: CXX_FEATURE:1cxx_final
    Feature record: CXX_FEATURE:1cxx_func_identifier
    Feature record: CXX_FEATURE:1cxx_generalized_initializers
    Feature record: CXX_FEATURE:0cxx_generic_lambdas
    Feature record: CXX_FEATURE:1cxx_inheriting_constructors
    Feature record: CXX_FEATURE:1cxx_inline_namespaces
    Feature record: CXX_FEATURE:1cxx_lambdas
    Feature record: CXX_FEATURE:0cxx_lambda_init_captures
    Feature record: CXX_FEATURE:1cxx_local_type_template_args
    Feature record: CXX_FEATURE:1cxx_long_long_type
    Feature record: CXX_FEATURE:1cxx_noexcept
    Feature record: CXX_FEATURE:1cxx_nonstatic_member_init
    Feature record: CXX_FEATURE:1cxx_nullptr
    Feature record: CXX_FEATURE:1cxx_override
    Feature record: CXX_FEATURE:1cxx_range_for
    Feature record: CXX_FEATURE:1cxx_raw_string_literals
    Feature record: CXX_FEATURE:1cxx_reference_qualified_functions
    Feature record: CXX_FEATURE:0cxx_relaxed_constexpr
    Feature record: CXX_FEATURE:0cxx_return_type_deduction
    Feature record: CXX_FEATURE:1cxx_right_angle_brackets
    Feature record: CXX_FEATURE:1cxx_rvalue_references
    Feature record: CXX_FEATURE:1cxx_sizeof_member
    Feature record: CXX_FEATURE:1cxx_static_assert
    Feature record: CXX_FEATURE:1cxx_strong_enums
    Feature record: CXX_FEATURE:1cxx_template_template_parameters
    Feature record: CXX_FEATURE:1cxx_thread_local
    Feature record: CXX_FEATURE:1cxx_trailing_return_types
    Feature record: CXX_FEATURE:1cxx_unicode_literals
    Feature record: CXX_FEATURE:1cxx_uniform_initialization
    Feature record: CXX_FEATURE:1cxx_unrestricted_unions
    Feature record: CXX_FEATURE:1cxx_user_literals
    Feature record: CXX_FEATURE:0cxx_variable_templates
    Feature record: CXX_FEATURE:1cxx_variadic_macros
    Feature record: CXX_FEATURE:1cxx_variadic_templates


Detecting CXX [-std=c++98] compiler features compiled with the following output:
Change Dir: /home/vboxuser/Desktop/workdir2/test01/build-naoqi-sdk/CMakeFiles/CMakeTmp

Run Build Command:"/usr/bin/make" "cmTryCompileExec3028074164/fast"
/usr/bin/make -f CMakeFiles/cmTryCompileExec3028074164.dir/build.make CMakeFiles/cmTryCompileExec3028074164.dir/build
make[1]: Entering directory `/home/vboxuser/Desktop/workdir2/test01/build-naoqi-sdk/CMakeFiles/CMakeTmp'
/usr/local/bin/cmake -E cmake_progress_report /home/vboxuser/Desktop/workdir2/test01/build-naoqi-sdk/CMakeFiles/CMakeTmp/CMakeFiles 1
Building CXX object CMakeFiles/cmTryCompileExec3028074164.dir/feature_tests.cxx.o
/usr/bin/c++    -std=gnu++11 -D_GLIBCXX_USE_CXX11_ABI=0    -std=c++98 -o CMakeFiles/cmTryCompileExec3028074164.dir/feature_tests.cxx.o -c /home/vboxuser/Desktop/workdir2/test01/build-naoqi-sdk/CMakeFiles/feature_tests.cxx
Linking CXX executable cmTryCompileExec3028074164
/usr/local/bin/cmake -E cmake_link_script CMakeFiles/cmTryCompileExec3028074164.dir/link.txt --verbose=1
/usr/bin/c++   -std=gnu++11 -D_GLIBCXX_USE_CXX11_ABI=0     CMakeFiles/cmTryCompileExec3028074164.dir/feature_tests.cxx.o  -o cmTryCompileExec3028074164 -rdynamic 
make[1]: Leaving directory `/home/vboxuser/Desktop/workdir2/test01/build-naoqi-sdk/CMakeFiles/CMakeTmp'


    Feature record: CXX_FEATURE:0cxx_aggregate_default_initializers
    Feature record: CXX_FEATURE:0cxx_alias_templates
    Feature record: CXX_FEATURE:0cxx_alignas
    Feature record: CXX_FEATURE:0cxx_alignof
    Feature record: CXX_FEATURE:0cxx_attributes
    Feature record: CXX_FEATURE:0cxx_attribute_deprecated
    Feature record: CXX_FEATURE:0cxx_auto_type
    Feature record: CXX_FEATURE:0cxx_binary_literals
    Feature record: CXX_FEATURE:0cxx_constexpr
    Feature record: CXX_FEATURE:0cxx_contextual_conversions
    Feature record: CXX_FEATURE:0cxx_decltype
    Feature record: CXX_FEATURE:0cxx_decltype_auto
    Feature record: CXX_FEATURE:0cxx_decltype_incomplete_return_types
    Feature record: CXX_FEATURE:0cxx_default_function_template_args
    Feature record: CXX_FEATURE:0cxx_defaulted_functions
    Feature record: CXX_FEATURE:0cxx_defaulted_move_initializers
    Feature record: CXX_FEATURE:0cxx_delegating_constructors
    Feature record: CXX_FEATURE:0cxx_deleted_functions
    Feature record: CXX_FEATURE:0cxx_digit_separators
    Feature record: CXX_FEATURE:0cxx_enum_forward_declarations
    Feature record: CXX_FEATURE:0cxx_explicit_conversions
    Feature record: CXX_FEATURE:0cxx_extended_friend_declarations
    Feature record: CXX_FEATURE:0cxx_extern_templates
    Feature record: CXX_FEATURE:0cxx_final
    Feature record: CXX_FEATURE:0cxx_func_identifier
    Feature record: CXX_FEATURE:0cxx_generalized_initializers
    Feature record: CXX_FEATURE:0cxx_generic_lambdas
    Feature record: CXX_FEATURE:0cxx_inheriting_constructors
    Feature record: CXX_FEATURE:0cxx_inline_namespaces
    Feature record: CXX_FEATURE:0cxx_lambdas
    Feature record: CXX_FEATURE:0cxx_lambda_init_captures
    Feature record: CXX_FEATURE:0cxx_local_type_template_args
    Feature record: CXX_FEATURE:0cxx_long_long_type
    Feature record: CXX_FEATURE:0cxx_noexcept
    Feature record: CXX_FEATURE:0cxx_nonstatic_member_init
    Feature record: CXX_FEATURE:0cxx_nullptr
    Feature record: CXX_FEATURE:0cxx_override
    Feature record: CXX_FEATURE:0cxx_range_for
    Feature record: CXX_FEATURE:0cxx_raw_string_literals
    Feature record: CXX_FEATURE:0cxx_reference_qualified_functions
    Feature record: CXX_FEATURE:0cxx_relaxed_constexpr
    Feature record: CXX_FEATURE:0cxx_return_type_deduction
    Feature record: CXX_FEATURE:0cxx_right_angle_brackets
    Feature record: CXX_FEATURE:0cxx_rvalue_references
    Feature record: CXX_FEATURE:0cxx_sizeof_member
    Feature record: CXX_FEATURE:0cxx_static_assert
    Feature record: CXX_FEATURE:0cxx_strong_enums
    Feature record: CXX_FEATURE:1cxx_template_template_parameters
    Feature record: CXX_FEATURE:0cxx_thread_local
    Feature record: CXX_FEATURE:0cxx_trailing_return_types
    Feature record: CXX_FEATURE:0cxx_unicode_literals
    Feature record: CXX_FEATURE:0cxx_uniform_initialization
    Feature record: CXX_FEATURE:0cxx_unrestricted_unions
    Feature record: CXX_FEATURE:0cxx_user_literals
    Feature record: CXX_FEATURE:0cxx_variable_templates
    Feature record: CXX_FEATURE:0cxx_variadic_macros
    Feature record: CXX_FEATURE:0cxx_variadic_templates
Determining if files pthread.h exist passed with the following output:
Change Dir: /home/vboxuser/Desktop/workdir2/test01/build-naoqi-sdk/CMakeFiles/CMakeTmp

Run Build Command:"/usr/bin/make" "cmTryCompileExec871400625/fast"
make[1]: Entering directory `/home/vboxuser/Desktop/workdir2/test01/build-naoqi-sdk/CMakeFiles/CMakeTmp'
/usr/bin/make -f CMakeFiles/cmTryCompileExec871400625.dir/build.make CMakeFiles/cmTryCompileExec871400625.dir/build
make[2]: Entering directory `/home/vboxuser/Desktop/workdir2/test01/build-naoqi-sdk/CMakeFiles/CMakeTmp'
/usr/local/bin/cmake -E cmake_progress_report /home/vboxuser/Desktop/workdir2/test01/build-naoqi-sdk/CMakeFiles/CMakeTmp/CMakeFiles 1
Building C object CMakeFiles/cmTryCompileExec871400625.dir/CheckIncludeFiles.c.o
/usr/bin/cc    -o CMakeFiles/cmTryCompileExec871400625.dir/CheckIncludeFiles.c.o   -c /home/vboxuser/Desktop/workdir2/test01/build-naoqi-sdk/CMakeFiles/CMakeTmp/CheckIncludeFiles.c
Linking C executable cmTryCompileExec871400625
/usr/local/bin/cmake -E cmake_link_script CMakeFiles/cmTryCompileExec871400625.dir/link.txt --verbose=1
/usr/bin/cc       CMakeFiles/cmTryCompileExec871400625.dir/CheckIncludeFiles.c.o  -o cmTryCompileExec871400625 -rdynamic 
make[2]: Leaving directory `/home/vboxuser/Desktop/workdir2/test01/build-naoqi-sdk/CMakeFiles/CMakeTmp'
make[1]: Leaving directory `/home/vboxuser/Desktop/workdir2/test01/build-naoqi-sdk/CMakeFiles/CMakeTmp'


Determining if the function pthread_create exists in the pthread passed with the following output:
Change Dir: /home/vboxuser/Desktop/workdir2/test01/build-naoqi-sdk/CMakeFiles/CMakeTmp

Run Build Command:"/usr/bin/make" "cmTryCompileExec320715539/fast"
make[1]: Entering directory `/home/vboxuser/Desktop/workdir2/test01/build-naoqi-sdk/CMakeFiles/CMakeTmp'
/usr/bin/make -f CMakeFiles/cmTryCompileExec320715539.dir/build.make CMakeFiles/cmTryCompileExec320715539.dir/build
make[2]: Entering directory `/home/vboxuser/Desktop/workdir2/test01/build-naoqi-sdk/CMakeFiles/CMakeTmp'
/usr/local/bin/cmake -E cmake_progress_report /home/vboxuser/Desktop/workdir2/test01/build-naoqi-sdk/CMakeFiles/CMakeTmp/CMakeFiles 1
Building C object CMakeFiles/cmTryCompileExec320715539.dir/CheckFunctionExists.c.o
/usr/bin/cc   -DCHECK_FUNCTION_EXISTS=pthread_create   -o CMakeFiles/cmTryCompileExec320715539.dir/CheckFunctionExists.c.o   -c /usr/local/share/cmake-3.2/Modules/CheckFunctionExists.c
Linking C executable cmTryCompileExec320715539
/usr/local/bin/cmake -E cmake_link_script CMakeFiles/cmTryCompileExec320715539.dir/link.txt --verbose=1
/usr/bin/cc   -DCHECK_FUNCTION_EXISTS=pthread_create    CMakeFiles/cmTryCompileExec320715539.dir/CheckFunctionExists.c.o  -o cmTryCompileExec320715539 -rdynamic -lpthread 
make[2]: Leaving directory `/home/vboxuser/Desktop/workdir2/test01/build-naoqi-sdk/CMakeFiles/CMakeTmp'
make[1]: Leaving directory `/home/vboxuser/Desktop/workdir2/test01/build-naoqi-sdk/CMakeFiles/CMakeTmp'


Determining if files pthread.h exist passed with the following output:
Change Dir: /home/vboxuser/Desktop/workdir2/test01/build-naoqi-sdk/CMakeFiles/CMakeTmp

Run Build Command:"/usr/bin/make" "cmTryCompileExec2723090295/fast"
/usr/bin/make -f CMakeFiles/cmTryCompileExec2723090295.dir/build.make CMakeFiles/cmTryCompileExec2723090295.dir/build
make[1]: Entering directory `/home/vboxuser/Desktop/workdir2/test01/build-naoqi-sdk/CMakeFiles/CMakeTmp'
/usr/local/bin/cmake -E cmake_progress_report /home/vboxuser/Desktop/workdir2/test01/build-naoqi-sdk/CMakeFiles/CMakeTmp/CMakeFiles 1
Building C object CMakeFiles/cmTryCompileExec2723090295.dir/CheckIncludeFiles.c.o
/usr/bin/cc    -o CMakeFiles/cmTryCompileExec2723090295.dir/CheckIncludeFiles.c.o   -c /home/vboxuser/Desktop/workdir2/test01/build-naoqi-sdk/CMakeFiles/CMakeTmp/CheckIncludeFiles.c
Linking C executable cmTryCompileExec2723090295
/usr/local/bin/cmake -E cmake_link_script CMakeFiles/cmTryCompileExec2723090295.dir/link.txt --verbose=1
/usr/bin/cc       CMakeFiles/cmTryCompileExec2723090295.dir/CheckIncludeFiles.c.o  -o cmTryCompileExec2723090295 -rdynamic 
make[1]: Leaving directory `/home/vboxuser/Desktop/workdir2/test01/build-naoqi-sdk/CMakeFiles/CMakeTmp'


Determining if the function pthread_create exists in the pthread passed with the following output:
Change Dir: /home/vboxuser/Desktop/workdir2/test01/build-naoqi-sdk/CMakeFiles/CMakeTmp

Run Build Command:"/usr/bin/make" "cmTryCompileExec4057632556/fast"
/usr/bin/make -f CMakeFiles/cmTryCompileExec4057632556.dir/build.make CMakeFiles/cmTryCompileExec4057632556.dir/build
make[1]: Entering directory `/home/vboxuser/Desktop/workdir2/test01/build-naoqi-sdk/CMakeFiles/CMakeTmp'
/usr/local/bin/cmake -E cmake_progress_report /home/vboxuser/Desktop/workdir2/test01/build-naoqi-sdk/CMakeFiles/CMakeTmp/CMakeFiles 1
Building C object CMakeFiles/cmTryCompileExec4057632556.dir/CheckFunctionExists.c.o
/usr/bin/cc   -DCHECK_FUNCTION_EXISTS=pthread_create   -o CMakeFiles/cmTryCompileExec4057632556.dir/CheckFunctionExists.c.o   -c /usr/local/share/cmake-3.2/Modules/CheckFunctionExists.c
Linking C executable cmTryCompileExec4057632556
/usr/local/bin/cmake -E cmake_link_script CMakeFiles/cmTryCompileExec4057632556.dir/link.txt --verbose=1
/usr/bin/cc   -DCHECK_FUNCTION_EXISTS=pthread_create    CMakeFiles/cmTryCompileExec4057632556.dir/CheckFunctionExists.c.o  -o cmTryCompileExec4057632556 -rdynamic -lpthread 
make[1]: Leaving directory `/home/vboxuser/Desktop/workdir2/test01/build-naoqi-sdk/CMakeFiles/CMakeTmp'


Determining if files pthread.h exist passed with the following output:
Change Dir: /home/vboxuser/Desktop/workdir2/test01/build-naoqi-sdk/CMakeFiles/CMakeTmp

Run Build Command:"/usr/bin/make" "cmTryCompileExec3374018480/fast"
/usr/bin/make -f CMakeFiles/cmTryCompileExec3374018480.dir/build.make CMakeFiles/cmTryCompileExec3374018480.dir/build
make[1]: Entering directory `/home/vboxuser/Desktop/workdir2/test01/build-naoqi-sdk/CMakeFiles/CMakeTmp'
/usr/local/bin/cmake -E cmake_progress_report /home/vboxuser/Desktop/workdir2/test01/build-naoqi-sdk/CMakeFiles/CMakeTmp/CMakeFiles 1
Building C object CMakeFiles/cmTryCompileExec3374018480.dir/CheckIncludeFiles.c.o
/usr/bin/cc    -o CMakeFiles/cmTryCompileExec3374018480.dir/CheckIncludeFiles.c.o   -c /home/vboxuser/Desktop/workdir2/test01/build-naoqi-sdk/CMakeFiles/CMakeTmp/CheckIncludeFiles.c
Linking C executable cmTryCompileExec3374018480
/usr/local/bin/cmake -E cmake_link_script CMakeFiles/cmTryCompileExec3374018480.dir/link.txt --verbose=1
/usr/bin/cc       CMakeFiles/cmTryCompileExec3374018480.dir/CheckIncludeFiles.c.o  -o cmTryCompileExec3374018480 -rdynamic 
make[1]: Leaving directory `/home/vboxuser/Desktop/workdir2/test01/build-naoqi-sdk/CMakeFiles/CMakeTmp'


Determining if the function pthread_create exists in the pthread passed with the following output:
Change Dir: /home/vboxuser/Desktop/workdir2/test01/build-naoqi-sdk/CMakeFiles/CMakeTmp

Run Build Command:"/usr/bin/make" "cmTryCompileExec1749430610/fast"
/usr/bin/make -f CMakeFiles/cmTryCompileExec1749430610.dir/build.make CMakeFiles/cmTryCompileExec1749430610.dir/build
make[1]: Entering directory `/home/vboxuser/Desktop/workdir2/test01/build-naoqi-sdk/CMakeFiles/CMakeTmp'
/usr/local/bin/cmake -E cmake_progress_report /home/vboxuser/Desktop/workdir2/test01/build-naoqi-sdk/CMakeFiles/CMakeTmp/CMakeFiles 1
Building C object CMakeFiles/cmTryCompileExec1749430610.dir/CheckFunctionExists.c.o
/usr/bin/cc   -DCHECK_FUNCTION_EXISTS=pthread_create   -o CMakeFiles/cmTryCompileExec1749430610.dir/CheckFunctionExists.c.o   -c /usr/local/share/cmake-3.2/Modules/CheckFunctionExists.c
Linking C executable cmTryCompileExec1749430610
/usr/local/bin/cmake -E cmake_link_script CMakeFiles/cmTryCompileExec1749430610.dir/link.txt --verbose=1
/usr/bin/cc   -DCHECK_FUNCTION_EXISTS=pthread_create    CMakeFiles/cmTryCompileExec1749430610.dir/CheckFunctionExists.c.o  -o cmTryCompileExec1749430610 -rdynamic -lpthread 
make[1]: Leaving directory `/home/vboxuser/Desktop/workdir2/test01/build-naoqi-sdk/CMakeFiles/CMakeTmp'


